<?xml version="1.0" encoding="UTF-8"?>
<testsuite xmlns:xsi="http://www.w3.org/2001/XMLSchema-instance" xsi:noNamespaceSchemaLocation="https://maven.apache.org/surefire/maven-surefire-plugin/xsd/surefire-test-report-3.0.xsd" version="3.0" name="klu.ArtAttackHackathonApplicationTests" time="14.547" tests="1" errors="0" skipped="0" failures="0">
  <properties>
[...]
</properties>
  <testcase name="contextLoads" classname="klu.ArtAttackHackathonApplicationTests" time="0.793">
    <system-out><![CDATA[22:10:32.503 [main] INFO org.springframework.test.context.support.AnnotationConfigContextLoaderUtils -- Could not detect default configuration classes for test class [klu.ArtAttackHackathonApplicationTests]: ArtAttackHackathonApplicationTests does not declare any static, non-private, non-final, nested classes annotated with @Configuration.
22:10:32.731 [main] INFO org.springframework.boot.test.context.SpringBootTestContextBootstrapper -- Found @SpringBootConfiguration klu.ArtAttackHackathonApplication for test class klu.ArtAttackHackathonApplicationTests
22:10:33.025 [main] INFO org.springframework.boot.devtools.restart.RestartApplicationListener -- Restart disabled due to context in which it is running

  .   ____          _            __ _ _
 /\\ / ___'_ __ _ _(_)_ __  __ _ \ \ \ \
( ( )\___ | '_ | '_| | '_ \/ _` | \ \ \ \
 \\/  ___)| |_)| | | | | || (_| |  ) ) ) )
  '  |____| .__|_| |_|_| |_\__, | / / / /
 =========|_|==============|___/=/_/_/_/

 :: Spring Boot ::                (v3.3.4)

2024-12-11T22:10:33.417+05:30  INFO 15768 --- [ArtAttack_Hackathon] [           main] klu.ArtAttackHackathonApplicationTests   : Starting ArtAttackHackathonApplicationTests using Java 17.0.11 with PID 15768 (started by srinu in C:\Users\srinu\eclipse-workspace2\ArtAttack_Hackathon)
2024-12-11T22:10:33.419+05:30  INFO 15768 --- [ArtAttack_Hackathon] [           main] klu.ArtAttackHackathonApplicationTests   : No active profile set, falling back to 1 default profile: "default"
2024-12-11T22:10:34.821+05:30  INFO 15768 --- [ArtAttack_Hackathon] [           main] .s.d.r.c.RepositoryConfigurationDelegate : Bootstrapping Spring Data JPA repositories in DEFAULT mode.
2024-12-11T22:10:34.908+05:30  INFO 15768 --- [ArtAttack_Hackathon] [           main] .s.d.r.c.RepositoryConfigurationDelegate : Finished Spring Data repository scanning in 76 ms. Found 4 JPA repository interfaces.
2024-12-11T22:10:35.612+05:30  INFO 15768 --- [ArtAttack_Hackathon] [           main] o.hibernate.jpa.internal.util.LogHelper  : HHH000204: Processing PersistenceUnitInfo [name: default]
2024-12-11T22:10:35.714+05:30  INFO 15768 --- [ArtAttack_Hackathon] [           main] org.hibernate.Version                    : HHH000412: Hibernate ORM core version 6.5.3.Final
2024-12-11T22:10:35.779+05:30  INFO 15768 --- [ArtAttack_Hackathon] [           main] o.h.c.internal.RegionFactoryInitiator    : HHH000026: Second-level cache disabled
2024-12-11T22:10:36.413+05:30  INFO 15768 --- [ArtAttack_Hackathon] [           main] o.s.o.j.p.SpringPersistenceUnitInfo      : No LoadTimeWeaver setup: ignoring JPA class transformer
2024-12-11T22:10:36.466+05:30  INFO 15768 --- [ArtAttack_Hackathon] [           main] com.zaxxer.hikari.HikariDataSource       : HikariPool-1 - Starting...
2024-12-11T22:10:39.171+05:30  INFO 15768 --- [ArtAttack_Hackathon] [           main] com.zaxxer.hikari.pool.HikariPool        : HikariPool-1 - Added connection com.mysql.cj.jdbc.ConnectionImpl@3de88f64
2024-12-11T22:10:39.177+05:30  INFO 15768 --- [ArtAttack_Hackathon] [           main] com.zaxxer.hikari.HikariDataSource       : HikariPool-1 - Start completed.
2024-12-11T22:10:41.077+05:30  INFO 15768 --- [ArtAttack_Hackathon] [           main] o.h.e.t.j.p.i.JtaPlatformInitiator       : HHH000489: No JTA platform available (set 'hibernate.transaction.jta.platform' to enable JTA platform integration)
2024-12-11T22:10:44.015+05:30  INFO 15768 --- [ArtAttack_Hackathon] [           main] j.LocalContainerEntityManagerFactoryBean : Initialized JPA EntityManagerFactory for persistence unit 'default'
2024-12-11T22:10:44.474+05:30  INFO 15768 --- [ArtAttack_Hackathon] [           main] o.s.d.j.r.query.QueryEnhancerFactory     : Hibernate is in classpath; If applicable, HQL parser will be used.
2024-12-11T22:10:45.885+05:30  INFO 15768 --- [ArtAttack_Hackathon] [           main] klu.ArtAttackHackathonApplicationTests   : Started ArtAttackHackathonApplicationTests in 12.881 seconds (process running for 14.918)
]]></system-out>
  </testcase>
</testsuite>